#
# A fatal error has been detected by the Java Runtime Environment:
#
#  EXCEPTION_ACCESS_VIOLATION (0xc0000005) at pc=0x75827a1f, pid=4004, tid=1728
#
# JRE version: 6.0_18-b07
# Java VM: Java HotSpot(TM) Client VM (16.0-b13 mixed mode, sharing windows-x86 )
# Problematic frame:
# C  [ole32.dll+0x37a1f]
#
# If you would like to submit a bug report, please visit:
#   http://java.sun.com/webapps/bugreport/crash.jsp
# The crash happened outside the Java Virtual Machine in native code.
# See problematic frame for where to report the bug.
#

---------------  T H R E A D  ---------------

Current thread (0x06ec3800):  JavaThread "AWT-EventQueue-0" [_thread_in_native, id=1728, stack(0x07130000,0x07180000)]

siginfo: ExceptionCode=0xc0000005, writing address 0x00000028

Registers:
EAX=0x0717f2ac, EBX=0x75937758, ECX=0x00000000, EDX=0x00000000
ESP=0x0717f27c, EBP=0x0717f284, ESI=0x0717f2ac, EDI=0x00000028
EIP=0x75827a1f, EFLAGS=0x00210246

Top of Stack: (sp=0x0717f27c)
0x0717f27c:   0059eb60 00599448 0717f2c0 758276eb
0x0717f28c:   0717f2ac 06e7a878 0059eb60 00000000
0x0717f29c:   00000000 00575110 00599448 00000000
0x0717f2ac:   0000ec00 00000fa4 eb1cb876 fe9b87be
0x0717f2bc:   14bc6c84 0717f2dc 7582754a 06d60220
0x0717f2cc:   00000000 7592d83e 06d68ab0 0059eb60
0x0717f2dc:   0717f328 7587e0a1 14bc6d6c 06d68ab0
0x0717f2ec:   06d68ab0 06e7a878 0717f30c 76a006e1 

Instructions: (pc=0x75827a1f)
0x75827a0f:   90 90 90 8b ff 55 8b ec 56 8b 75 08 57 8d 79 28
0x75827a1f:   a5 a5 a5 a5 5f 5e 5d c2 04 00 ff 75 0c ff 75 08 


Stack: [0x07130000,0x07180000],  sp=0x0717f27c,  free space=13c0717ed60k
Native frames: (J=compiled Java code, j=interpreted, Vv=VM code, C=native code)
C  [ole32.dll+0x37a1f]
C  [ole32.dll+0x376eb]
C  [ole32.dll+0x3754a]
C  [ole32.dll+0x8e0a1]

Java frames: (J=compiled Java code, j=interpreted, Vv=VM code)
j  sun.awt.windows.WComponentPeer.addNativeDropTarget()J+0
j  sun.awt.windows.WComponentPeer.addDropTarget(Ljava/awt/dnd/DropTarget;)V+9
j  java.awt.dnd.DropTarget.addNotify(Ljava/awt/peer/ComponentPeer;)V+60
j  java.awt.Component.addNotify()V+297
j  java.awt.Container.addNotify()V+8
j  javax.swing.JComponent.addNotify()V+1
j  java.awt.Container.addNotify()V+61
j  javax.swing.JComponent.addNotify()V+1
j  java.awt.Container.addNotify()V+61
j  javax.swing.JComponent.addNotify()V+1
j  java.awt.Container.addImpl(Ljava/awt/Component;Ljava/lang/Object;I)V+194
j  java.awt.Container.add(Ljava/awt/Component;Ljava/lang/Object;)V+4
j  kth.projects.slutprojekt.MenuStartPanel.joinGame()V+180
j  kth.projects.slutprojekt.MenuStartPanel.actionPerformed(Ljava/awt/event/ActionEvent;)V+21
j  javax.swing.AbstractButton.fireActionPerformed(Ljava/awt/event/ActionEvent;)V+84
j  javax.swing.AbstractButton$Handler.actionPerformed(Ljava/awt/event/ActionEvent;)V+5
j  javax.swing.DefaultButtonModel.fireActionPerformed(Ljava/awt/event/ActionEvent;)V+35
j  javax.swing.DefaultButtonModel.setPressed(Z)V+117
j  javax.swing.plaf.basic.BasicButtonListener.mouseReleased(Ljava/awt/event/MouseEvent;)V+35
j  java.awt.Component.processMouseEvent(Ljava/awt/event/MouseEvent;)V+64
j  javax.swing.JComponent.processMouseEvent(Ljava/awt/event/MouseEvent;)V+23
j  java.awt.Component.processEvent(Ljava/awt/AWTEvent;)V+81
j  java.awt.Container.processEvent(Ljava/awt/AWTEvent;)V+18
j  java.awt.Component.dispatchEventImpl(Ljava/awt/AWTEvent;)V+566
j  java.awt.Container.dispatchEventImpl(Ljava/awt/AWTEvent;)V+42
j  java.awt.Component.dispatchEvent(Ljava/awt/AWTEvent;)V+2
j  java.awt.LightweightDispatcher.retargetMouseEvent(Ljava/awt/Component;ILjava/awt/event/MouseEvent;)V+320
j  java.awt.LightweightDispatcher.processMouseEvent(Ljava/awt/event/MouseEvent;)Z+139
j  java.awt.LightweightDispatcher.dispatchEvent(Ljava/awt/AWTEvent;)Z+50
j  java.awt.Container.dispatchEventImpl(Ljava/awt/AWTEvent;)V+12
j  java.awt.Window.dispatchEventImpl(Ljava/awt/AWTEvent;)V+19
j  java.awt.Component.dispatchEvent(Ljava/awt/AWTEvent;)V+2
j  java.awt.EventQueue.dispatchEvent(Ljava/awt/AWTEvent;)V+46
j  java.awt.EventDispatchThread.pumpOneEventForFilters(I)Z+204
j  java.awt.EventDispatchThread.pumpEventsForFilter(ILjava/awt/Conditional;Ljava/awt/EventFilter;)V+30
j  java.awt.EventDispatchThread.pumpEventsForHierarchy(ILjava/awt/Conditional;Ljava/awt/Component;)V+11
j  java.awt.EventDispatchThread.pumpEvents(ILjava/awt/Conditional;)V+4
j  java.awt.EventDispatchThread.pumpEvents(Ljava/awt/Conditional;)V+3
j  java.awt.EventDispatchThread.run()V+9
v  ~StubRoutines::call_stub

---------------  P R O C E S S  ---------------

Java Threads: ( => current thread )
  0x06f06800 JavaThread "Java Sound Event Dispatcher" daemon [_thread_blocked, id=6104, stack(0x09280000,0x092d0000)]
  0x06eef000 JavaThread "D3D Screen Updater" daemon [_thread_blocked, id=4672, stack(0x07b60000,0x07bb0000)]
  0x00329000 JavaThread "DestroyJavaVM" [_thread_blocked, id=4548, stack(0x002a0000,0x002f0000)]
=>0x06ec3800 JavaThread "AWT-EventQueue-0" [_thread_in_native, id=1728, stack(0x07130000,0x07180000)]
  0x06ec3400 JavaThread "TimerQueue" daemon [_thread_blocked, id=6328, stack(0x070a0000,0x070f0000)]
  0x024f6000 JavaThread "AWT-Windows" daemon [_thread_in_native, id=6576, stack(0x04e50000,0x04ea0000)]
  0x024f5800 JavaThread "AWT-Shutdown" [_thread_blocked, id=2656, stack(0x04dc0000,0x04e10000)]
  0x024f2800 JavaThread "Java2D Disposer" daemon [_thread_blocked, id=5884, stack(0x04d30000,0x04d80000)]
  0x02474c00 JavaThread "Low Memory Detector" daemon [_thread_blocked, id=4336, stack(0x04a20000,0x04a70000)]
  0x0246f400 JavaThread "CompilerThread0" daemon [_thread_blocked, id=4276, stack(0x04990000,0x049e0000)]
  0x0246e000 JavaThread "Attach Listener" daemon [_thread_blocked, id=5300, stack(0x04900000,0x04950000)]
  0x0246d400 JavaThread "Signal Dispatcher" daemon [_thread_blocked, id=4808, stack(0x04870000,0x048c0000)]
  0x02462000 JavaThread "Finalizer" daemon [_thread_blocked, id=5328, stack(0x047e0000,0x04830000)]
  0x02460800 JavaThread "Reference Handler" daemon [_thread_blocked, id=5448, stack(0x04750000,0x047a0000)]

Other Threads:
  0x0245f000 VMThread [stack: 0x046c0000,0x04710000] [id=1872]
  0x02486400 WatcherThread [stack: 0x04ab0000,0x04b00000] [id=5664]

VM state:not at safepoint (normal execution)

VM Mutex/Monitor currently owned by a thread: None

Heap
 def new generation   total 4928K, used 1992K [0x241e0000, 0x24730000, 0x29730000)
  eden space 4416K,  42% used [0x241e0000, 0x243b4b88, 0x24630000)
  from space 512K,  23% used [0x24630000, 0x2464d868, 0x246b0000)
  to   space 512K,   0% used [0x246b0000, 0x246b0000, 0x24730000)
 tenured generation   total 10944K, used 4011K [0x29730000, 0x2a1e0000, 0x341e0000)
   the space 10944K,  36% used [0x29730000, 0x29b1acc8, 0x29b1ae00, 0x2a1e0000)
 compacting perm gen  total 12288K, used 522K [0x341e0000, 0x34de0000, 0x381e0000)
   the space 12288K,   4% used [0x341e0000, 0x34262a48, 0x34262c00, 0x34de0000)
    ro space 10240K,  51% used [0x381e0000, 0x38707b58, 0x38707c00, 0x38be0000)
    rw space 12288K,  54% used [0x38be0000, 0x39274ce0, 0x39274e00, 0x397e0000)

Dynamic libraries:
0x00400000 - 0x00424000 	C:\Program Files (x86)\Java\jre6\bin\javaw.exe
0x77a90000 - 0x77c10000 	C:\Windows\SysWOW64\ntdll.dll
0x75f60000 - 0x76060000 	C:\Windows\syswow64\kernel32.dll
0x769f0000 - 0x76a36000 	C:\Windows\syswow64\KERNELBASE.dll
0x756c0000 - 0x75760000 	C:\Windows\syswow64\ADVAPI32.dll
0x75c30000 - 0x75cdc000 	C:\Windows\syswow64\msvcrt.dll
0x75ea0000 - 0x75eb9000 	C:\Windows\SysWOW64\sechost.dll
0x75db0000 - 0x75ea0000 	C:\Windows\syswow64\RPCRT4.dll
0x75600000 - 0x75660000 	C:\Windows\syswow64\SspiCli.dll
0x755f0000 - 0x755fc000 	C:\Windows\syswow64\CRYPTBASE.dll
0x76300000 - 0x76400000 	C:\Windows\syswow64\USER32.dll
0x768a0000 - 0x76930000 	C:\Windows\syswow64\GDI32.dll
0x75bd0000 - 0x75bda000 	C:\Windows\syswow64\LPK.dll
0x75ec0000 - 0x75f5d000 	C:\Windows\syswow64\USP10.dll
0x75660000 - 0x756c0000 	C:\Windows\system32\IMM32.DLL
0x75a80000 - 0x75b4c000 	C:\Windows\syswow64\MSCTF.dll
0x7c340000 - 0x7c396000 	C:\Program Files (x86)\Java\jre6\bin\msvcr71.dll
0x6d800000 - 0x6da97000 	C:\Program Files (x86)\Java\jre6\bin\client\jvm.dll
0x72cf0000 - 0x72d22000 	C:\Windows\system32\WINMM.dll
0x73760000 - 0x737ab000 	C:\Windows\system32\apphelp.dll
0x6d7b0000 - 0x6d7bc000 	C:\Program Files (x86)\Java\jre6\bin\verify.dll
0x6d330000 - 0x6d34f000 	C:\Program Files (x86)\Java\jre6\bin\java.dll
0x6d290000 - 0x6d298000 	C:\Program Files (x86)\Java\jre6\bin\hpi.dll
0x75d80000 - 0x75d85000 	C:\Windows\syswow64\PSAPI.DLL
0x6d7f0000 - 0x6d7ff000 	C:\Program Files (x86)\Java\jre6\bin\zip.dll
0x6d000000 - 0x6d14a000 	C:\Program Files (x86)\Java\jre6\bin\awt.dll
0x72bc0000 - 0x72c11000 	C:\Windows\system32\WINSPOOL.DRV
0x757f0000 - 0x7594c000 	C:\Windows\syswow64\ole32.dll
0x739c0000 - 0x73b5e000 	C:\Windows\WinSxS\x86_microsoft.windows.common-controls_6595b64144ccf1df_6.0.7600.16385_none_421189da2b7fabfc\COMCTL32.dll
0x762a0000 - 0x762f7000 	C:\Windows\syswow64\SHLWAPI.dll
0x729a0000 - 0x729b3000 	C:\Windows\system32\DWMAPI.DLL
0x72c40000 - 0x72cc0000 	C:\Windows\system32\uxtheme.dll
0x6d230000 - 0x6d284000 	C:\Program Files (x86)\Java\jre6\bin\fontmanager.dll
0x6ef30000 - 0x6f0f3000 	C:\Windows\system32\d3d9.dll
0x73e10000 - 0x73e19000 	C:\Windows\system32\VERSION.dll
0x752b0000 - 0x752b6000 	C:\Windows\system32\d3d8thk.dll
0x6a530000 - 0x6a82d000 	C:\Windows\system32\atiumdag.dll
0x6a850000 - 0x6ab24000 	C:\Windows\system32\atiumdva.dll
0x76a40000 - 0x77689000 	C:\Windows\syswow64\shell32.dll
0x6d610000 - 0x6d623000 	C:\Program Files (x86)\Java\jre6\bin\net.dll
0x76690000 - 0x766c5000 	C:\Windows\syswow64\WS2_32.dll
0x75a70000 - 0x75a76000 	C:\Windows\syswow64\NSI.dll
0x72960000 - 0x7299c000 	C:\Windows\system32\mswsock.dll
0x74150000 - 0x74156000 	C:\Windows\System32\wship6.dll
0x6d630000 - 0x6d639000 	C:\Program Files (x86)\Java\jre6\bin\nio.dll
0x76960000 - 0x769ef000 	C:\Windows\syswow64\OLEAUT32.DLL
0x6d520000 - 0x6d544000 	C:\Program Files (x86)\Java\jre6\bin\jsound.dll
0x6d550000 - 0x6d558000 	C:\Program Files (x86)\Java\jre6\bin\jsoundds.dll
0x74c70000 - 0x74ce2000 	C:\Windows\system32\DSOUND.dll
0x75040000 - 0x75065000 	C:\Windows\system32\POWRPROF.dll
0x766d0000 - 0x7686d000 	C:\Windows\syswow64\SETUPAPI.dll
0x75cf0000 - 0x75d17000 	C:\Windows\syswow64\CFGMGR32.dll
0x75d90000 - 0x75da2000 	C:\Windows\syswow64\DEVOBJ.dll
0x75120000 - 0x75159000 	C:\Windows\system32\MMDevAPI.DLL
0x74cf0000 - 0x74de5000 	C:\Windows\system32\PROPSYS.dll
0x750f0000 - 0x75120000 	C:\Windows\system32\wdmaud.drv
0x750e0000 - 0x750e4000 	C:\Windows\system32\ksuser.dll
0x750d0000 - 0x750d7000 	C:\Windows\system32\AVRT.dll
0x75090000 - 0x750c6000 	C:\Windows\system32\AUDIOSES.DLL
0x75080000 - 0x75088000 	C:\Windows\system32\msacm32.drv
0x72c20000 - 0x72c34000 	C:\Windows\system32\MSACM32.dll
0x75070000 - 0x75077000 	C:\Windows\system32\midimap.dll
0x76400000 - 0x76483000 	C:\Windows\syswow64\CLBCatQ.DLL
0x738a0000 - 0x738b6000 	C:\Windows\system32\CRYPTSP.dll
0x73860000 - 0x7389b000 	C:\Windows\system32\rsaenh.dll
0x73850000 - 0x7385e000 	C:\Windows\system32\RpcRtRemote.dll

VM Arguments:
jvm_args: -Dfile.encoding=Cp1252 
java_command: kth.projects.slutprojekt.Main
Launcher Type: SUN_STANDARD

Environment Variables:
PATH=C:/Program Files (x86)/Java/jre6/bin/client;C:/Program Files (x86)/Java/jre6/bin;C:\Windows\system32;C:\Windows;C:\Windows\System32\Wbem;C:\Windows\System32\WindowsPowerShell\v1.0\
USERNAME=linus
OS=Windows_NT
PROCESSOR_IDENTIFIER=Intel64 Family 6 Model 23 Stepping 10, GenuineIntel



---------------  S Y S T E M  ---------------

OS: Windows 7 Build 7600 

CPU:total 2 (2 cores per cpu, 1 threads per core) family 6 model 23 stepping 10, cmov, cx8, fxsr, mmx, sse, sse2, sse3, ssse3

Memory: 4k page, physical 4160704k(1956240k free), swap 8319508k(5813440k free)

vm_info: Java HotSpot(TM) Client VM (16.0-b13) for windows-x86 JRE (1.6.0_18-b07), built on Dec 17 2009 13:35:55 by "java_re" with MS VC++ 7.1 (VS2003)

time: Thu Apr 29 15:24:10 2010
elapsed time: 23 seconds

